<?xml version="1.0" encoding="utf-8"?><testsuites name="pytest tests"><testsuite name="pytest" errors="0" failures="0" skipped="0" tests="10" time="3.048" timestamp="2026-09-02T21:33:58.502485-04:00" hostname="$LOCAL_HOST"><testcase classname="tests.integration.test_authority_anchor" name="test_external_anchor_rejects_a_stale_but_internally_valid_backup" time="0.062" /><testcase classname="tests.integration.test_authority_anchor" name="test_anchor_fences_a_second_database_copy_before_its_next_write" time="0.044" /><testcase classname="tests.integration.test_authority_anchor" name="test_commit_anchor_crash_window_fails_closed_then_recovers_extension" time="0.042" /><testcase classname="tests.integration.test_authority_anchor" name="test_simultaneous_database_forks_use_one_linearizable_anchor_successor" time="0.062" /><testcase classname="tests.integration.test_executor_authority" name="test_process_anchor_rejects_stale_preclaim_database_restore" time="0.195" /><testcase classname="tests.integration.test_executor_authority" name="test_concurrent_cloned_databases_have_one_external_cas_winner" time="0.063" /><testcase classname="tests.integration.test_executor_authority" name="test_process_executor_startup_confirm_lost_reply_preserves_and_reconfirms" time="0.327" /><testcase classname="tests.integration.test_executor_authority" name="test_commit_before_anchor_failure_recovers_claim_without_reauthorizing" time="0.032" /><testcase classname="tests.integration.test_backup_restore_fencing" name="test_stale_recovery_bundle_is_fenced_before_live_files_are_replaced" time="1.907" /><testcase classname="tests.unit.test_cli_recovery" name="test_server_holds_same_process_lock_as_recovery_for_its_full_lifetime" time="0.009" /></testsuite></testsuites>